\BOOKMARK [1][-]{section.1}{Introduction}{}% 1
\BOOKMARK [1][-]{section.2}{Hypergraph grammar}{}% 2
\BOOKMARK [2][-]{subsection.2.1}{Parsing algorithm}{section.2}% 3
\BOOKMARK [3][-]{subsubsection.2.1.1}{Extraction of Hypergraph Cliques}{subsection.2.1}% 4
\BOOKMARK [2][-]{subsection.2.2}{Using the grammar to create new molecules}{section.2}% 5
\BOOKMARK [3][-]{subsubsection.2.2.1}{Conditional and unconditional rule frequencies}{subsection.2.2}% 6
\BOOKMARK [3][-]{subsubsection.2.2.2}{Ensuring expansions terminate}{subsection.2.2}% 7
\BOOKMARK [2][-]{subsection.2.3}{Grammar conciseness and expressiveness}{section.2}% 8
\BOOKMARK [1][-]{section.3}{Model choice}{}% 9
\BOOKMARK [2][-]{subsubsection.3.0.1}{Graph embedding}{section.3}% 10
\BOOKMARK [3][-]{subsubsection.3.0.2}{Network architecture}{subsubsection.3.0.1}% 11
\BOOKMARK [3][-]{subsubsection.3.0.3}{Policy network and Discriminator}{subsubsection.3.0.1}% 12
\BOOKMARK [2][-]{subsection.3.1}{Training}{section.3}% 13
\BOOKMARK [3][-]{subsubsection.3.1.1}{Non-originality penalty}{subsection.3.1}% 14
\BOOKMARK [3][-]{subsubsection.3.1.2}{Batch Advantage}{subsection.3.1}% 15
\BOOKMARK [3][-]{subsubsection.3.1.3}{Record rewards}{subsection.3.1}% 16
\BOOKMARK [3][-]{subsubsection.3.1.4}{Training step}{subsection.3.1}% 17
\BOOKMARK [1][-]{section.4}{Results}{}% 18
\BOOKMARK [2][-]{subsection.4.1}{GuacaMol Benchmarks}{section.4}% 19
\BOOKMARK [2][-]{subsection.4.2}{Ablation Studies}{section.4}% 20
\BOOKMARK [1][-]{section.5}{Discussion}{}% 21
